[6:52:59 PM] [LOG] [Network] WebSocket server is listening on port 443
[6:52:59 PM] [LOG] [Content] Loading base content-pack
[6:52:59 PM] [LOG] [Content] Loaded 10 entities
[6:52:59 PM] [ERROR] [CommandSystem] Invalid command from path: E:\Scripts\nostarve\nostarve-server-master\compiled\command\commands\building\clean-building.js
[6:52:59 PM] [WARN] [TICKER] TPS: 6.578947368421053 | DELTA: 0.152
[6:53:04 PM] [LOG] [SaveSystem] Loaded 6 players & 0 buildings & 0 crates
[6:53:05 PM] [LOG] [Network] Connected with 0.0.0.1 ip
[6:53:14 PM] [LOG] Player restarver#3|3 died by restarver#7|7 with reason 3
[6:53:14 PM] [LOG] Player restarver#4|4 died by restarver#7|7 with reason 3
[6:53:14 PM] [LOG] Player restarver#5|5 died by restarver#7|7 with reason 3
[6:53:18 PM] [LOG] Player restarver#6|6 died by restarver#7|7 with reason 3
[6:53:43 PM] [WARN] [TICKER] TPS: 17.857142857142858 | DELTA: 0.056
[6:54:14 PM] [LOG] Player restarver#1|1 died by restarver#7|7 with reason 3
[6:54:28 PM] [LOG] [DROP] restarver#7|7 x1 STONE_SPEAR
[6:54:35 PM] [LOG] [DROP] restarver#7|7 x1 WOOD_HELMET
[6:54:49 PM] [WARN] [TICKER] TPS: 19.607843137254903 | DELTA: 0.051
[6:55:02 PM] [WARN] [TICKER] TPS: 17.543859649122805 | DELTA: 0.057
[6:55:08 PM] [WARN] [TICKER] TPS: 12.987012987012987 | DELTA: 0.077
[6:55:08 PM] [WARN] [TICKER] TPS: 15.384615384615383 | DELTA: 0.065
[6:55:08 PM] [WARN] [TICKER] TPS: 12.987012987012987 | DELTA: 0.077
[6:55:08 PM] [WARN] [TICKER] TPS: 16.39344262295082 | DELTA: 0.061
[6:55:08 PM] [WARN] [TICKER] TPS: 18.51851851851852 | DELTA: 0.054
[6:55:10 PM] [WARN] [TICKER] TPS: 18.51851851851852 | DELTA: 0.054
[6:55:15 PM] [WARN] [TICKER] TPS: 17.241379310344826 | DELTA: 0.058
[6:55:15 PM] [WARN] [TICKER] TPS: 18.181818181818183 | DELTA: 0.055
[6:55:16 PM] [WARN] [TICKER] TPS: 17.857142857142858 | DELTA: 0.056
[6:55:30 PM] [WARN] [TICKER] TPS: 12.5 | DELTA: 0.08
[6:55:30 PM] [WARN] [TICKER] TPS: 16.39344262295082 | DELTA: 0.061
[6:55:35 PM] [WARN] [TICKER] TPS: 14.285714285714285 | DELTA: 0.07
[6:55:35 PM] [WARN] [TICKER] TPS: 16.949152542372882 | DELTA: 0.059
[6:55:35 PM] [WARN] [TICKER] TPS: 18.181818181818183 | DELTA: 0.055
[6:55:37 PM] [WARN] [TICKER] TPS: 14.492753623188404 | DELTA: 0.069
[6:55:37 PM] [WARN] [TICKER] TPS: 18.867924528301888 | DELTA: 0.053
[6:55:37 PM] [WARN] [TICKER] TPS: 14.492753623188404 | DELTA: 0.069
[6:55:41 PM] [WARN] [TICKER] TPS: 17.543859649122805 | DELTA: 0.057
[6:55:52 PM] [WARN] [TICKER] TPS: 19.23076923076923 | DELTA: 0.052
[6:55:52 PM] [WARN] [TICKER] TPS: 17.857142857142858 | DELTA: 0.056
[6:55:52 PM] [WARN] [TICKER] TPS: 16.666666666666668 | DELTA: 0.06
[6:55:52 PM] [WARN] [TICKER] TPS: 15.873015873015873 | DELTA: 0.063
[6:55:52 PM] [WARN] [TICKER] TPS: 15.625 | DELTA: 0.064
[6:56:01 PM] [WARN] [TICKER] TPS: 19.23076923076923 | DELTA: 0.052
[6:56:04 PM] [WARN] [TICKER] TPS: 16.666666666666668 | DELTA: 0.06
[6:56:13 PM] [LOG] [Network] Disconnected with 0.0.0.1 ip 1001 [object ArrayBuffer]
[6:56:13 PM] [WARN] [TICKER] TPS: 16.666666666666668 | DELTA: 0.06
[6:56:14 PM] [WARN] [TICKER] TPS: 17.857142857142858 | DELTA: 0.056
