[6:40:32 PM] [LOG] [Network] WebSocket server is listening on port 443
[6:40:33 PM] [LOG] [Content] Loading base content-pack
[6:40:33 PM] [LOG] [Content] Loaded 10 entities
[6:40:33 PM] [ERROR] [CommandSystem] Invalid command from path: E:\Scripts\nostarve\nostarve-server-master\compiled\command\commands\building\clean-building.js
[6:40:33 PM] [WARN] [TICKER] TPS: 14.285714285714285 | DELTA: 0.07
[6:40:38 PM] [LOG] [SaveSystem] Loaded 6 players & 0 buildings & 0 crates
[6:40:45 PM] [LOG] [Network] Connected with 0.0.0.1 ip
[6:40:46 PM] [WARN] [TICKER] TPS: 13.513513513513514 | DELTA: 0.074
[6:40:46 PM] [WARN] [TICKER] TPS: 10.1010101010101 | DELTA: 0.099
[6:41:10 PM] [WARN] [TICKER] TPS: 16.666666666666668 | DELTA: 0.06
[6:41:23 PM] [LOG] Player restarver#6|6 died by restarver#6|6 with reason 3
[6:41:23 PM] [LOG] [Network] Disconnected with 0.0.0.1 ip 1005 [object ArrayBuffer]
[6:41:25 PM] [WARN] [TICKER] TPS: 14.705882352941176 | DELTA: 0.068
[6:41:25 PM] [WARN] [TICKER] TPS: 14.705882352941176 | DELTA: 0.068
[6:41:46 PM] [WARN] [TICKER] TPS: 18.51851851851852 | DELTA: 0.054
[6:42:27 PM] [WARN] [TICKER] TPS: 18.181818181818183 | DELTA: 0.055
[6:42:51 PM] [WARN] [TICKER] TPS: 16.129032258064516 | DELTA: 0.062
[6:42:51 PM] [WARN] [TICKER] TPS: 16.666666666666668 | DELTA: 0.06
[6:43:04 PM] [WARN] [TICKER] TPS: 18.51851851851852 | DELTA: 0.054
[6:43:49 PM] [WARN] [TICKER] TPS: 18.867924528301888 | DELTA: 0.053
[6:43:49 PM] [WARN] [TICKER] TPS: 15.384615384615383 | DELTA: 0.065
[6:43:53 PM] [WARN] [TICKER] TPS: 15.873015873015873 | DELTA: 0.063
