[7:19:19 PM] [LOG] [Network] WebSocket server is listening on port 443
[7:19:19 PM] [LOG] [Content] Loading base content-pack
[7:19:19 PM] [LOG] [Content] Loaded 10 entities
[7:19:19 PM] [ERROR] [CommandSystem] Invalid command from path: E:\Scripts\nostarve\nostarve-server-master\compiled\command\commands\building\clean-building.js
[7:19:19 PM] [WARN] [TICKER] TPS: 16.129032258064516 | DELTA: 0.062
[7:19:22 PM] [WARN] [TICKER] TPS: 17.241379310344826 | DELTA: 0.058
[7:19:22 PM] [WARN] [TICKER] TPS: 16.39344262295082 | DELTA: 0.061
[7:19:24 PM] [LOG] [SaveSystem] Loaded 4 players & 0 buildings & 0 crates
[7:19:35 PM] [LOG] [Network] Connected with 0.0.0.1 ip
[7:20:16 PM] [WARN] [TICKER] TPS: 18.867924528301888 | DELTA: 0.053
[7:20:16 PM] [WARN] [TICKER] TPS: 17.241379310344826 | DELTA: 0.058
[7:20:18 PM] [WARN] [TICKER] TPS: 9.523809523809524 | DELTA: 0.105
[7:20:37 PM] [WARN] [TICKER] TPS: 13.88888888888889 | DELTA: 0.072
[7:21:54 PM] [WARN] [TICKER] TPS: 6.7114093959731544 | DELTA: 0.149
[7:21:55 PM] [WARN] [TICKER] TPS: 14.285714285714285 | DELTA: 0.07
[7:22:04 PM] [WARN] [TICKER] TPS: 17.241379310344826 | DELTA: 0.058
[7:22:05 PM] [WARN] [TICKER] TPS: 13.157894736842106 | DELTA: 0.076
[7:22:06 PM] [WARN] [TICKER] TPS: 19.23076923076923 | DELTA: 0.052
[7:22:06 PM] [WARN] [TICKER] TPS: 19.23076923076923 | DELTA: 0.052
[7:22:21 PM] [WARN] [TICKER] TPS: 17.857142857142858 | DELTA: 0.056
[7:23:32 PM] [WARN] [TICKER] TPS: 14.084507042253522 | DELTA: 0.071
[7:23:35 PM] [WARN] [TICKER] TPS: 17.543859649122805 | DELTA: 0.057
[7:23:56 PM] [WARN] [TICKER] TPS: 11.11111111111111 | DELTA: 0.09
[7:24:18 PM] [WARN] [TICKER] TPS: 13.157894736842106 | DELTA: 0.076
[7:24:30 PM] [WARN] [TICKER] TPS: 14.285714285714285 | DELTA: 0.07
[7:24:30 PM] [WARN] [TICKER] TPS: 17.543859649122805 | DELTA: 0.057
[7:24:53 PM] [WARN] [TICKER] TPS: 18.867924528301888 | DELTA: 0.053
[7:24:58 PM] [WARN] [TICKER] TPS: 12.345679012345679 | DELTA: 0.081
[7:25:14 PM] [WARN] [TICKER] TPS: 16.129032258064516 | DELTA: 0.062
[7:25:33 PM] [WARN] [TICKER] TPS: 11.235955056179776 | DELTA: 0.089
[7:25:34 PM] [WARN] [TICKER] TPS: 17.857142857142858 | DELTA: 0.056
[7:25:35 PM] [WARN] [TICKER] TPS: 19.23076923076923 | DELTA: 0.052
[7:25:58 PM] [WARN] [TICKER] TPS: 18.867924528301888 | DELTA: 0.053
[7:26:15 PM] [WARN] [TICKER] TPS: 15.873015873015873 | DELTA: 0.063
[7:26:15 PM] [WARN] [TICKER] TPS: 15.873015873015873 | DELTA: 0.063
[7:26:15 PM] [WARN] [TICKER] TPS: 17.857142857142858 | DELTA: 0.056
[7:26:15 PM] [WARN] [TICKER] TPS: 12.048192771084336 | DELTA: 0.083
[7:26:27 PM] [WARN] [TICKER] TPS: 13.88888888888889 | DELTA: 0.072
[7:27:52 PM] [WARN] [TICKER] TPS: 14.705882352941176 | DELTA: 0.068
[7:27:53 PM] [WARN] [TICKER] TPS: 18.867924528301888 | DELTA: 0.053
[7:28:04 PM] [WARN] [TICKER] TPS: 16.949152542372882 | DELTA: 0.059
[7:28:04 PM] [WARN] [TICKER] TPS: 17.241379310344826 | DELTA: 0.058
[7:28:09 PM] [WARN] [TICKER] TPS: 18.51851851851852 | DELTA: 0.054
[7:28:10 PM] [WARN] [TICKER] TPS: 14.285714285714285 | DELTA: 0.07
[7:28:23 PM] [WARN] [TICKER] TPS: 15.384615384615383 | DELTA: 0.065
[7:29:19 PM] [LOG] [SaveSystem] Saving 288 entities
[7:29:35 PM] [WARN] [TICKER] TPS: 15.384615384615383 | DELTA: 0.065
[7:30:10 PM] [WARN] [TICKER] TPS: 13.333333333333334 | DELTA: 0.075
[7:30:11 PM] [WARN] [TICKER] TPS: 19.23076923076923 | DELTA: 0.052
[7:30:17 PM] [WARN] [TICKER] TPS: 10 | DELTA: 0.1
[7:30:17 PM] [WARN] [TICKER] TPS: 12.820512820512821 | DELTA: 0.078
[7:30:37 PM] [WARN] [TICKER] TPS: 18.867924528301888 | DELTA: 0.053
[7:30:55 PM] [WARN] [TICKER] TPS: 19.607843137254903 | DELTA: 0.051
[7:30:57 PM] [WARN] [TICKER] TPS: 12.048192771084336 | DELTA: 0.083
[7:30:58 PM] [WARN] [TICKER] TPS: 9.174311926605505 | DELTA: 0.109
[7:30:58 PM] [WARN] [TICKER] TPS: 19.23076923076923 | DELTA: 0.052
[7:30:59 PM] [WARN] [TICKER] TPS: 17.543859649122805 | DELTA: 0.057
[7:31:02 PM] [LOG] [Network] Disconnected with 0.0.0.1 ip 1001 [object ArrayBuffer]
[7:31:02 PM] [WARN] [TICKER] TPS: 18.181818181818183 | DELTA: 0.055
[7:31:03 PM] [WARN] [TICKER] TPS: 19.23076923076923 | DELTA: 0.052
[7:31:03 PM] [WARN] [TICKER] TPS: 16.949152542372882 | DELTA: 0.059
[7:31:04 PM] [WARN] [TICKER] TPS: 16.129032258064516 | DELTA: 0.062
