[7:00:19 PM] [LOG] [Network] WebSocket server is listening on port 443
[7:00:19 PM] [LOG] [Content] Loading base content-pack
[7:00:19 PM] [LOG] [Content] Loaded 10 entities
[7:00:19 PM] [ERROR] [CommandSystem] Invalid command from path: E:\Scripts\nostarve\nostarve-server-master\compiled\command\commands\building\clean-building.js
[7:00:19 PM] [WARN] [TICKER] TPS: 16.39344262295082 | DELTA: 0.061
[7:00:20 PM] [WARN] [TICKER] TPS: 12.658227848101266 | DELTA: 0.079
[7:00:24 PM] [LOG] [SaveSystem] Loaded 1 players & 0 buildings & 0 crates
[7:00:27 PM] [LOG] [Network] Connected with 0.0.0.1 ip
[7:00:34 PM] [LOG] [Network] Disconnected with 0.0.0.1 ip 1001 [object ArrayBuffer]
[7:00:40 PM] [LOG] [Network] Connected with 0.0.0.1 ip
[7:00:45 PM] [WARN] [TICKER] TPS: 19.23076923076923 | DELTA: 0.052
[7:00:45 PM] [WARN] [TICKER] TPS: 17.543859649122805 | DELTA: 0.057
[7:00:46 PM] [WARN] [TICKER] TPS: 13.157894736842106 | DELTA: 0.076
[7:00:57 PM] [WARN] [TICKER] TPS: 15.384615384615383 | DELTA: 0.065
[7:01:10 PM] [WARN] [TICKER] TPS: 11.76470588235294 | DELTA: 0.085
[7:01:10 PM] [WARN] [TICKER] TPS: 9.090909090909092 | DELTA: 0.11
[7:01:10 PM] [WARN] [TICKER] TPS: 16.666666666666668 | DELTA: 0.06
[7:01:10 PM] [WARN] [TICKER] TPS: 14.084507042253522 | DELTA: 0.071
[7:01:10 PM] [WARN] [TICKER] TPS: 9.615384615384615 | DELTA: 0.104
[7:01:10 PM] [WARN] [TICKER] TPS: 16.666666666666668 | DELTA: 0.06
[7:01:10 PM] [WARN] [TICKER] TPS: 13.698630136986303 | DELTA: 0.073
[7:01:12 PM] [WARN] [TICKER] TPS: 15.625 | DELTA: 0.064
[7:01:14 PM] [WARN] [TICKER] TPS: 18.181818181818183 | DELTA: 0.055
[7:01:19 PM] [WARN] [TICKER] TPS: 15.625 | DELTA: 0.064
[7:01:19 PM] [WARN] [TICKER] TPS: 18.51851851851852 | DELTA: 0.054
[7:01:29 PM] [WARN] [TICKER] TPS: 18.181818181818183 | DELTA: 0.055
[7:01:30 PM] [WARN] [TICKER] TPS: 13.513513513513514 | DELTA: 0.074
[7:01:33 PM] [WARN] [TICKER] TPS: 15.15151515151515 | DELTA: 0.066
[7:01:34 PM] [WARN] [TICKER] TPS: 17.241379310344826 | DELTA: 0.058
[7:01:34 PM] [WARN] [TICKER] TPS: 10.638297872340425 | DELTA: 0.094
[7:01:35 PM] [WARN] [TICKER] TPS: 16.949152542372882 | DELTA: 0.059
[7:01:35 PM] [WARN] [TICKER] TPS: 19.607843137254903 | DELTA: 0.051
[7:01:43 PM] [WARN] [TICKER] TPS: 16.129032258064516 | DELTA: 0.062
[7:01:45 PM] [WARN] [TICKER] TPS: 16.949152542372882 | DELTA: 0.059
[7:01:58 PM] [WARN] [TICKER] TPS: 19.607843137254903 | DELTA: 0.051
[7:02:13 PM] [WARN] [TICKER] TPS: 17.241379310344826 | DELTA: 0.058
[7:02:13 PM] [WARN] [TICKER] TPS: 13.88888888888889 | DELTA: 0.072
[7:02:44 PM] [LOG] Player restarver#4|4 died by restarver#2|2 with reason 3
[7:02:52 PM] [LOG] Player restarver#1|1 died by restarver#2|2 with reason 3
[7:03:57 PM] [WARN] [TICKER] TPS: 12.5 | DELTA: 0.08
[7:04:07 PM] [WARN] [TICKER] TPS: 11.627906976744187 | DELTA: 0.086
[7:04:07 PM] [WARN] [TICKER] TPS: 19.607843137254903 | DELTA: 0.051
[7:04:09 PM] [WARN] [TICKER] TPS: 17.241379310344826 | DELTA: 0.058
[7:04:13 PM] [WARN] [TICKER] TPS: 19.607843137254903 | DELTA: 0.051
[7:04:13 PM] [WARN] [TICKER] TPS: 15.873015873015873 | DELTA: 0.063
[7:04:13 PM] [WARN] [TICKER] TPS: 17.241379310344826 | DELTA: 0.058
[7:04:13 PM] [WARN] [TICKER] TPS: 13.333333333333334 | DELTA: 0.075
[7:04:13 PM] [WARN] [TICKER] TPS: 11.627906976744187 | DELTA: 0.086
[7:04:13 PM] [WARN] [TICKER] TPS: 13.88888888888889 | DELTA: 0.072
[7:04:13 PM] [WARN] [TICKER] TPS: 16.666666666666668 | DELTA: 0.06
[7:04:14 PM] [WARN] [TICKER] TPS: 18.181818181818183 | DELTA: 0.055
[7:04:14 PM] [WARN] [TICKER] TPS: 12.820512820512821 | DELTA: 0.078
[7:04:14 PM] [WARN] [TICKER] TPS: 10.1010101010101 | DELTA: 0.099
[7:04:14 PM] [WARN] [TICKER] TPS: 16.39344262295082 | DELTA: 0.061
[7:04:14 PM] [WARN] [TICKER] TPS: 11.627906976744187 | DELTA: 0.086
[7:04:17 PM] [WARN] [TICKER] TPS: 18.181818181818183 | DELTA: 0.055
[7:04:18 PM] [WARN] [TICKER] TPS: 13.157894736842106 | DELTA: 0.076
[7:04:26 PM] [WARN] [TICKER] TPS: 18.181818181818183 | DELTA: 0.055
[7:04:26 PM] [WARN] [TICKER] TPS: 18.181818181818183 | DELTA: 0.055
[7:04:26 PM] [WARN] [TICKER] TPS: 11.11111111111111 | DELTA: 0.09
[7:04:31 PM] [WARN] [TICKER] TPS: 9.174311926605505 | DELTA: 0.109
[7:04:43 PM] [WARN] [TICKER] TPS: 13.88888888888889 | DELTA: 0.072
[7:04:43 PM] [WARN] [TICKER] TPS: 19.607843137254903 | DELTA: 0.051
[7:05:18 PM] [WARN] [TICKER] TPS: 16.666666666666668 | DELTA: 0.06
[7:05:18 PM] [WARN] [TICKER] TPS: 9.433962264150944 | DELTA: 0.106
[7:05:18 PM] [WARN] [TICKER] TPS: 7.936507936507937 | DELTA: 0.126
[7:05:23 PM] [WARN] [TICKER] TPS: 13.88888888888889 | DELTA: 0.072
[7:05:37 PM] [WARN] [TICKER] TPS: 12.195121951219512 | DELTA: 0.082
[7:05:43 PM] [WARN] [TICKER] TPS: 16.949152542372882 | DELTA: 0.059
[7:05:43 PM] [WARN] [TICKER] TPS: 18.51851851851852 | DELTA: 0.054
[7:06:01 PM] [WARN] [TICKER] TPS: 14.285714285714285 | DELTA: 0.07
[7:06:04 PM] [WARN] [TICKER] TPS: 15.384615384615383 | DELTA: 0.065
[7:06:55 PM] [WARN] [TICKER] TPS: 11.627906976744187 | DELTA: 0.086
[7:06:57 PM] [WARN] [TICKER] TPS: 13.88888888888889 | DELTA: 0.072
[7:06:57 PM] [WARN] [TICKER] TPS: 12.987012987012987 | DELTA: 0.077
[7:07:44 PM] [WARN] [TICKER] TPS: 17.543859649122805 | DELTA: 0.057
[7:07:45 PM] [WARN] [TICKER] TPS: 12.987012987012987 | DELTA: 0.077
[7:07:45 PM] [WARN] [TICKER] TPS: 5.952380952380952 | DELTA: 0.168
[7:07:45 PM] [WARN] [TICKER] TPS: 12.987012987012987 | DELTA: 0.077
[7:07:50 PM] [LOG] [Network] Disconnected with 0.0.0.1 ip 1001 [object ArrayBuffer]
[7:07:53 PM] [WARN] [TICKER] TPS: 12.820512820512821 | DELTA: 0.078
[7:07:53 PM] [WARN] [TICKER] TPS: 19.23076923076923 | DELTA: 0.052
[7:07:54 PM] [WARN] [TICKER] TPS: 17.857142857142858 | DELTA: 0.056
