[6:36:20 PM] [LOG] [Network] WebSocket server is listening on port 443
[6:36:20 PM] [LOG] [Content] Loading base content-pack
[6:36:20 PM] [LOG] [Content] Loaded 10 entities
[6:36:20 PM] [ERROR] [CommandSystem] Invalid command from path: E:\Scripts\nostarve\nostarve-server-master\compiled\command\commands\building\clean-building.js
[6:36:20 PM] [WARN] [TICKER] TPS: 13.333333333333334 | DELTA: 0.075
[6:36:25 PM] [LOG] [SaveSystem] Loaded 5 players & 0 buildings & 0 crates
[6:36:31 PM] [LOG] [Network] Connected with 0.0.0.1 ip
[6:36:56 PM] [LOG] [Network] Disconnected with 0.0.0.1 ip 1001 [object ArrayBuffer]
[6:36:57 PM] [WARN] [TICKER] TPS: 12.5 | DELTA: 0.08
[6:36:57 PM] [WARN] [TICKER] TPS: 17.543859649122805 | DELTA: 0.057
[6:37:13 PM] [WARN] [TICKER] TPS: 17.241379310344826 | DELTA: 0.058
[6:37:13 PM] [WARN] [TICKER] TPS: 11.76470588235294 | DELTA: 0.085
[6:37:13 PM] [WARN] [TICKER] TPS: 4.716981132075472 | DELTA: 0.212
[6:37:13 PM] [WARN] [TICKER] TPS: 6.410256410256411 | DELTA: 0.156
[6:37:13 PM] [WARN] [TICKER] TPS: 17.543859649122805 | DELTA: 0.057
[6:37:13 PM] [WARN] [TICKER] TPS: 10.869565217391305 | DELTA: 0.092
[6:37:17 PM] [WARN] [TICKER] TPS: 14.705882352941176 | DELTA: 0.068
[6:37:19 PM] [WARN] [TICKER] TPS: 18.181818181818183 | DELTA: 0.055
[6:37:22 PM] [WARN] [TICKER] TPS: 15.384615384615383 | DELTA: 0.065
[6:37:41 PM] [WARN] [TICKER] TPS: 14.705882352941176 | DELTA: 0.068
[6:37:52 PM] [WARN] [TICKER] TPS: 18.51851851851852 | DELTA: 0.054
[6:38:38 PM] [WARN] [TICKER] TPS: 16.129032258064516 | DELTA: 0.062
[6:38:38 PM] [WARN] [TICKER] TPS: 10.638297872340425 | DELTA: 0.094
[6:38:38 PM] [WARN] [TICKER] TPS: 10.416666666666666 | DELTA: 0.096
[6:38:39 PM] [WARN] [TICKER] TPS: 15.384615384615383 | DELTA: 0.065
[6:38:39 PM] [WARN] [TICKER] TPS: 13.88888888888889 | DELTA: 0.072
[6:38:39 PM] [WARN] [TICKER] TPS: 15.384615384615383 | DELTA: 0.065
[6:38:39 PM] [WARN] [TICKER] TPS: 11.627906976744187 | DELTA: 0.086
[6:38:43 PM] [WARN] [TICKER] TPS: 15.625 | DELTA: 0.064
[6:39:17 PM] [WARN] [TICKER] TPS: 16.666666666666668 | DELTA: 0.06
[6:39:17 PM] [WARN] [TICKER] TPS: 15.15151515151515 | DELTA: 0.066
[6:39:27 PM] [WARN] [TICKER] TPS: 18.867924528301888 | DELTA: 0.053
[6:39:27 PM] [WARN] [TICKER] TPS: 12.658227848101266 | DELTA: 0.079
[6:39:27 PM] [WARN] [TICKER] TPS: 11.235955056179776 | DELTA: 0.089
[6:39:32 PM] [WARN] [TICKER] TPS: 19.23076923076923 | DELTA: 0.052
[6:39:32 PM] [WARN] [TICKER] TPS: 18.181818181818183 | DELTA: 0.055
[6:39:53 PM] [WARN] [TICKER] TPS: 12.987012987012987 | DELTA: 0.077
[6:39:56 PM] [WARN] [TICKER] TPS: 19.607843137254903 | DELTA: 0.051
