[7:31:14 PM] [LOG] [Network] WebSocket server is listening on port 443
[7:31:14 PM] [LOG] [Content] Loading base content-pack
[7:31:14 PM] [LOG] [Content] Loaded 10 entities
[7:31:14 PM] [ERROR] [CommandSystem] Invalid command from path: E:\Scripts\nostarve\nostarve-server-master\compiled\command\commands\building\clean-building.js
[7:31:14 PM] [WARN] [TICKER] TPS: 4.464285714285714 | DELTA: 0.224
[7:31:17 PM] [WARN] [TICKER] TPS: 17.857142857142858 | DELTA: 0.056
[7:31:19 PM] [LOG] [SaveSystem] Loaded 5 players & 1 buildings & 0 crates
[7:33:17 PM] [WARN] [TICKER] TPS: 19.607843137254903 | DELTA: 0.051
[7:35:19 PM] [LOG] [Network] Connected with 0.0.0.1 ip
[7:35:24 PM] [WARN] [TICKER] TPS: 19.607843137254903 | DELTA: 0.051
[7:35:45 PM] [WARN] [TICKER] TPS: 13.698630136986303 | DELTA: 0.073
[7:36:00 PM] [LOG] Player restarver#5|5 died by restarver#6|6 with reason 3
[7:36:02 PM] [WARN] [TICKER] TPS: 12.658227848101266 | DELTA: 0.079
[7:36:34 PM] [WARN] [TICKER] TPS: 19.607843137254903 | DELTA: 0.051
[7:37:50 PM] [WARN] [TICKER] TPS: 19.23076923076923 | DELTA: 0.052
[7:38:24 PM] [WARN] [TICKER] TPS: 15.873015873015873 | DELTA: 0.063
[7:38:24 PM] [WARN] [TICKER] TPS: 17.241379310344826 | DELTA: 0.058
[7:38:45 PM] [WARN] [TICKER] TPS: 19.607843137254903 | DELTA: 0.051
[7:38:45 PM] [WARN] [TICKER] TPS: 18.867924528301888 | DELTA: 0.053
[7:38:45 PM] [WARN] [TICKER] TPS: 17.857142857142858 | DELTA: 0.056
[7:38:55 PM] [WARN] [TICKER] TPS: 12.048192771084336 | DELTA: 0.083
[7:39:00 PM] [WARN] [TICKER] TPS: 16.129032258064516 | DELTA: 0.062
[7:39:19 PM] [WARN] [TICKER] TPS: 10 | DELTA: 0.1
[7:40:08 PM] [WARN] [TICKER] TPS: 17.241379310344826 | DELTA: 0.058
[7:40:08 PM] [WARN] [TICKER] TPS: 18.51851851851852 | DELTA: 0.054
[7:41:14 PM] [LOG] [SaveSystem] Saving 288 entities
[7:42:20 PM] [WARN] [TICKER] TPS: 19.607843137254903 | DELTA: 0.051
[7:42:23 PM] [WARN] [TICKER] TPS: 16.949152542372882 | DELTA: 0.059
[7:42:24 PM] [WARN] [TICKER] TPS: 10.204081632653061 | DELTA: 0.098
[7:42:27 PM] [WARN] [TICKER] TPS: 16.129032258064516 | DELTA: 0.062
[7:42:36 PM] [WARN] [TICKER] TPS: 15.15151515151515 | DELTA: 0.066
[7:42:37 PM] [WARN] [TICKER] TPS: 16.39344262295082 | DELTA: 0.061
[7:42:37 PM] [WARN] [TICKER] TPS: 18.867924528301888 | DELTA: 0.053
[7:42:38 PM] [WARN] [TICKER] TPS: 14.925373134328357 | DELTA: 0.067
[7:42:46 PM] [WARN] [TICKER] TPS: 18.51851851851852 | DELTA: 0.054
[7:42:56 PM] [WARN] [TICKER] TPS: 19.23076923076923 | DELTA: 0.052
[7:43:09 PM] [WARN] [TICKER] TPS: 15.873015873015873 | DELTA: 0.063
[7:44:09 PM] [WARN] [TICKER] TPS: 8.064516129032258 | DELTA: 0.124
[7:44:10 PM] [WARN] [TICKER] TPS: 13.333333333333334 | DELTA: 0.075
[7:44:39 PM] [WARN] [TICKER] TPS: 9.615384615384615 | DELTA: 0.104
[7:44:40 PM] [WARN] [TICKER] TPS: 11.11111111111111 | DELTA: 0.09
[7:44:49 PM] [WARN] [TICKER] TPS: 19.23076923076923 | DELTA: 0.052
[7:44:50 PM] [WARN] [TICKER] TPS: 18.181818181818183 | DELTA: 0.055
[7:45:27 PM] [WARN] [TICKER] TPS: 17.857142857142858 | DELTA: 0.056
[7:45:32 PM] [WARN] [TICKER] TPS: 18.181818181818183 | DELTA: 0.055
[7:46:46 PM] [WARN] [TICKER] TPS: 11.49425287356322 | DELTA: 0.087
[7:46:57 PM] [WARN] [TICKER] TPS: 19.607843137254903 | DELTA: 0.051
