[6:44:00 PM] [LOG] [Network] WebSocket server is listening on port 443
[6:44:00 PM] [LOG] [Content] Loading base content-pack
[6:44:00 PM] [LOG] [Content] Loaded 10 entities
[6:44:00 PM] [ERROR] [CommandSystem] Invalid command from path: E:\Scripts\nostarve\nostarve-server-master\compiled\command\commands\building\clean-building.js
[6:44:01 PM] [WARN] [TICKER] TPS: 14.492753623188404 | DELTA: 0.069
[6:44:05 PM] [WARN] [TICKER] TPS: 15.625 | DELTA: 0.064
[6:44:06 PM] [LOG] [SaveSystem] Loaded 6 players & 328 buildings & 1 crates
[6:44:06 PM] [LOG] [Network] Connected with 0.0.0.1 ip
[6:44:15 PM] [LOG] Player restarver#1|1 died by restarver#6|6 with reason 3
[6:44:15 PM] [LOG] Player restarver#3|3 died by restarver#6|6 with reason 3
[6:44:15 PM] [LOG] Player restarver#4|4 died by restarver#6|6 with reason 3
[6:44:43 PM] [LOG] Player restarver#7|7 died by restarver#6|6 with reason 3
[6:44:53 PM] [LOG] [DROP] restarver#6|6 x1 STONE_SWORD
[6:45:06 PM] [WARN] [TICKER] TPS: 13.333333333333334 | DELTA: 0.075
[6:45:20 PM] [WARN] [TICKER] TPS: 19.23076923076923 | DELTA: 0.052
[6:45:20 PM] [WARN] [TICKER] TPS: 11.627906976744187 | DELTA: 0.086
[6:45:20 PM] [WARN] [TICKER] TPS: 13.157894736842106 | DELTA: 0.076
[6:45:21 PM] [WARN] [TICKER] TPS: 16.39344262295082 | DELTA: 0.061
[6:45:21 PM] [WARN] [TICKER] TPS: 13.88888888888889 | DELTA: 0.072
[6:45:21 PM] [WARN] [TICKER] TPS: 10.526315789473685 | DELTA: 0.095
[6:45:21 PM] [WARN] [TICKER] TPS: 9.900990099009901 | DELTA: 0.101
[6:45:23 PM] [WARN] [TICKER] TPS: 16.949152542372882 | DELTA: 0.059
[6:45:23 PM] [WARN] [TICKER] TPS: 19.607843137254903 | DELTA: 0.051
[6:45:23 PM] [WARN] [TICKER] TPS: 18.867924528301888 | DELTA: 0.053
[6:45:23 PM] [WARN] [TICKER] TPS: 17.857142857142858 | DELTA: 0.056
[6:45:24 PM] [WARN] [TICKER] TPS: 15.15151515151515 | DELTA: 0.066
[6:45:25 PM] [WARN] [TICKER] TPS: 18.181818181818183 | DELTA: 0.055
[6:45:28 PM] [WARN] [TICKER] TPS: 19.23076923076923 | DELTA: 0.052
[6:45:30 PM] [WARN] [TICKER] TPS: 15.873015873015873 | DELTA: 0.063
[6:45:32 PM] [WARN] [TICKER] TPS: 14.492753623188404 | DELTA: 0.069
[6:45:32 PM] [WARN] [TICKER] TPS: 11.627906976744187 | DELTA: 0.086
[6:45:32 PM] [WARN] [TICKER] TPS: 16.666666666666668 | DELTA: 0.06
[6:45:38 PM] [WARN] [TICKER] TPS: 14.285714285714285 | DELTA: 0.07
[6:45:38 PM] [WARN] [TICKER] TPS: 16.129032258064516 | DELTA: 0.062
[6:45:39 PM] [WARN] [TICKER] TPS: 16.39344262295082 | DELTA: 0.061
[6:45:39 PM] [WARN] [TICKER] TPS: 16.39344262295082 | DELTA: 0.061
[6:45:39 PM] [WARN] [TICKER] TPS: 18.867924528301888 | DELTA: 0.053
[6:45:40 PM] [WARN] [TICKER] TPS: 16.39344262295082 | DELTA: 0.061
[6:45:41 PM] [WARN] [TICKER] TPS: 17.543859649122805 | DELTA: 0.057
[6:45:41 PM] [WARN] [TICKER] TPS: 14.705882352941176 | DELTA: 0.068
[6:45:41 PM] [WARN] [TICKER] TPS: 16.39344262295082 | DELTA: 0.061
[6:45:41 PM] [WARN] [TICKER] TPS: 6.622516556291391 | DELTA: 0.151
[6:45:41 PM] [WARN] [TICKER] TPS: 13.698630136986303 | DELTA: 0.073
[6:45:41 PM] [WARN] [TICKER] TPS: 8.19672131147541 | DELTA: 0.122
[6:45:42 PM] [WARN] [TICKER] TPS: 15.625 | DELTA: 0.064
[6:45:42 PM] [WARN] [TICKER] TPS: 8.771929824561402 | DELTA: 0.114
[6:45:42 PM] [WARN] [TICKER] TPS: 5.319148936170213 | DELTA: 0.188
[6:45:42 PM] [WARN] [TICKER] TPS: 4.166666666666667 | DELTA: 0.24
[6:45:42 PM] [WARN] [TICKER] TPS: 5.813953488372094 | DELTA: 0.172
[6:45:42 PM] [WARN] [TICKER] TPS: 16.39344262295082 | DELTA: 0.061
[6:45:43 PM] [WARN] [TICKER] TPS: 8.130081300813009 | DELTA: 0.123
[6:45:43 PM] [WARN] [TICKER] TPS: 4.524886877828054 | DELTA: 0.221
[6:45:43 PM] [WARN] [TICKER] TPS: 8.849557522123893 | DELTA: 0.113
[6:45:43 PM] [WARN] [TICKER] TPS: 7.8125 | DELTA: 0.128
[6:45:43 PM] [WARN] [TICKER] TPS: 8.849557522123893 | DELTA: 0.113
[6:45:44 PM] [WARN] [TICKER] TPS: 6.410256410256411 | DELTA: 0.156
[6:45:44 PM] [WARN] [TICKER] TPS: 15.625 | DELTA: 0.064
[6:45:44 PM] [WARN] [TICKER] TPS: 11.904761904761903 | DELTA: 0.084
[6:45:44 PM] [WARN] [TICKER] TPS: 15.625 | DELTA: 0.064
[6:45:44 PM] [WARN] [TICKER] TPS: 16.39344262295082 | DELTA: 0.061
[6:45:44 PM] [WARN] [TICKER] TPS: 8.928571428571429 | DELTA: 0.112
