[9:28:08 PM] [LOG] [Network] WebSocket server is listening on port 443
[9:28:08 PM] [LOG] [Content] Loading base content-pack
[9:28:08 PM] [LOG] [Content] Loaded 10 entities
[9:28:08 PM] [ERROR] [CommandSystem] Invalid command from path: C:\Users\unkno\Documents\GitHub\Famishs-remake\game-server\compiled\command\commands\building\clean-building.js
[9:28:18 PM] [WARN] [TICKER] TPS: 19.607843137254903 | DELTA: 0.051
[9:28:26 PM] [WARN] [TICKER] TPS: 14.084507042253522 | DELTA: 0.071
[9:28:26 PM] [WARN] [TICKER] TPS: 17.543859649122805 | DELTA: 0.057
[9:28:46 PM] [WARN] [TICKER] TPS: 12.820512820512821 | DELTA: 0.078
[9:28:46 PM] [WARN] [TICKER] TPS: 17.543859649122805 | DELTA: 0.057
[9:28:46 PM] [WARN] [TICKER] TPS: 13.698630136986303 | DELTA: 0.073
[9:28:47 PM] [WARN] [TICKER] TPS: 14.084507042253522 | DELTA: 0.071
[9:28:57 PM] [WARN] [TICKER] TPS: 18.867924528301888 | DELTA: 0.053
[9:28:57 PM] [WARN] [TICKER] TPS: 9.900990099009901 | DELTA: 0.101
[9:28:57 PM] [WARN] [TICKER] TPS: 17.241379310344826 | DELTA: 0.058
[9:28:57 PM] [WARN] [TICKER] TPS: 15.384615384615383 | DELTA: 0.065
[9:28:57 PM] [WARN] [TICKER] TPS: 16.39344262295082 | DELTA: 0.061
[9:28:58 PM] [WARN] [TICKER] TPS: 19.23076923076923 | DELTA: 0.052
[9:28:59 PM] [WARN] [TICKER] TPS: 18.51851851851852 | DELTA: 0.054
[9:29:00 PM] [WARN] [TICKER] TPS: 18.181818181818183 | DELTA: 0.055
[9:29:02 PM] [WARN] [TICKER] TPS: 15.873015873015873 | DELTA: 0.063
[9:29:21 PM] [WARN] [TICKER] TPS: 11.363636363636365 | DELTA: 0.088
[9:29:24 PM] [WARN] [TICKER] TPS: 16.666666666666668 | DELTA: 0.06
[9:29:25 PM] [WARN] [TICKER] TPS: 17.241379310344826 | DELTA: 0.058
[9:29:25 PM] [WARN] [TICKER] TPS: 8.547008547008547 | DELTA: 0.117
[9:29:25 PM] [WARN] [TICKER] TPS: 15.384615384615383 | DELTA: 0.065
[9:29:25 PM] [WARN] [TICKER] TPS: 12.987012987012987 | DELTA: 0.077
[9:29:26 PM] [WARN] [TICKER] TPS: 13.157894736842106 | DELTA: 0.076
[9:29:26 PM] [WARN] [TICKER] TPS: 16.949152542372882 | DELTA: 0.059
[9:29:26 PM] [WARN] [TICKER] TPS: 15.625 | DELTA: 0.064
[9:29:27 PM] [WARN] [TICKER] TPS: 17.241379310344826 | DELTA: 0.058
[9:29:27 PM] [WARN] [TICKER] TPS: 16.949152542372882 | DELTA: 0.059
[9:29:34 PM] [WARN] [TICKER] TPS: 17.857142857142858 | DELTA: 0.056
[9:29:36 PM] [WARN] [TICKER] TPS: 18.51851851851852 | DELTA: 0.054
[9:29:36 PM] [WARN] [TICKER] TPS: 19.23076923076923 | DELTA: 0.052
[9:29:36 PM] [WARN] [TICKER] TPS: 15.15151515151515 | DELTA: 0.066
[9:29:37 PM] [WARN] [TICKER] TPS: 19.607843137254903 | DELTA: 0.051
[9:29:37 PM] [WARN] [TICKER] TPS: 8.403361344537815 | DELTA: 0.119
[9:29:42 PM] [WARN] [TICKER] TPS: 9.900990099009901 | DELTA: 0.101
[9:29:42 PM] [WARN] [TICKER] TPS: 15.873015873015873 | DELTA: 0.063
[9:29:47 PM] [WARN] [TICKER] TPS: 12.820512820512821 | DELTA: 0.078
[9:29:49 PM] [WARN] [TICKER] TPS: 18.51851851851852 | DELTA: 0.054
[9:29:56 PM] [WARN] [TICKER] TPS: 13.513513513513514 | DELTA: 0.074
[9:30:00 PM] [WARN] [TICKER] TPS: 13.157894736842106 | DELTA: 0.076
[9:30:00 PM] [WARN] [TICKER] TPS: 16.39344262295082 | DELTA: 0.061
[9:30:03 PM] [WARN] [TICKER] TPS: 12.5 | DELTA: 0.08
[9:30:03 PM] [WARN] [TICKER] TPS: 16.129032258064516 | DELTA: 0.062
[9:30:03 PM] [WARN] [TICKER] TPS: 15.625 | DELTA: 0.064
[9:30:04 PM] [WARN] [TICKER] TPS: 12.820512820512821 | DELTA: 0.078
[9:30:04 PM] [WARN] [TICKER] TPS: 18.181818181818183 | DELTA: 0.055
[9:30:04 PM] [WARN] [TICKER] TPS: 15.384615384615383 | DELTA: 0.065
[9:30:05 PM] [WARN] [TICKER] TPS: 16.39344262295082 | DELTA: 0.061
[9:30:06 PM] [WARN] [TICKER] TPS: 14.705882352941176 | DELTA: 0.068
[9:30:13 PM] [WARN] [TICKER] TPS: 19.607843137254903 | DELTA: 0.051
[9:30:13 PM] [WARN] [TICKER] TPS: 13.513513513513514 | DELTA: 0.074
[9:30:35 PM] [WARN] [TICKER] TPS: 16.949152542372882 | DELTA: 0.059
