[9:15:36 PM] [LOG] [Network] WebSocket server is listening on port 443
[9:15:36 PM] [LOG] [Content] Loading base content-pack
[9:15:36 PM] [ERROR] [Content] Doesn't exist path: C:\Users\unkno\Documents\GitHub\Famishs-remake\game-server\compiled\content\base\entities
[9:15:36 PM] [ERROR] [CommandSystem] Invalid command from path: C:\Users\unkno\Documents\GitHub\Famishs-remake\game-server\compiled\command\commands\building\clean-building.js
[9:15:43 PM] [WARN] [TICKER] TPS: 10.309278350515463 | DELTA: 0.097
[9:15:43 PM] [WARN] [TICKER] TPS: 18.181818181818183 | DELTA: 0.055
[9:15:43 PM] [WARN] [TICKER] TPS: 15.15151515151515 | DELTA: 0.066
[9:15:55 PM] [WARN] [TICKER] TPS: 19.607843137254903 | DELTA: 0.051
[9:15:55 PM] [WARN] [TICKER] TPS: 17.543859649122805 | DELTA: 0.057
[9:15:59 PM] [WARN] [TICKER] TPS: 18.867924528301888 | DELTA: 0.053
[9:16:03 PM] [WARN] [TICKER] TPS: 12.195121951219512 | DELTA: 0.082
[9:16:03 PM] [WARN] [TICKER] TPS: 11.363636363636365 | DELTA: 0.088
[9:16:03 PM] [WARN] [TICKER] TPS: 14.925373134328357 | DELTA: 0.067
[9:16:05 PM] [WARN] [TICKER] TPS: 10.416666666666666 | DELTA: 0.096
[9:16:05 PM] [WARN] [TICKER] TPS: 16.949152542372882 | DELTA: 0.059
[9:16:05 PM] [WARN] [TICKER] TPS: 14.705882352941176 | DELTA: 0.068
[9:16:10 PM] [WARN] [TICKER] TPS: 16.129032258064516 | DELTA: 0.062
[9:16:12 PM] [WARN] [TICKER] TPS: 9.174311926605505 | DELTA: 0.109
[9:16:12 PM] [WARN] [TICKER] TPS: 13.88888888888889 | DELTA: 0.072
[9:16:16 PM] [WARN] [TICKER] TPS: 12.658227848101266 | DELTA: 0.079
[9:16:19 PM] [WARN] [TICKER] TPS: 14.705882352941176 | DELTA: 0.068
[9:16:22 PM] [WARN] [TICKER] TPS: 12.048192771084336 | DELTA: 0.083
