[9:14:48 PM] [LOG] [Network] WebSocket server is listening on port 443
[9:14:48 PM] [LOG] [Content] Loading base content-pack
[9:14:48 PM] [ERROR] [Content] Doesn't exist path: C:\Users\unkno\Documents\GitHub\Famishs-remake\game-server\compiled\content\base\entities
[9:14:48 PM] [ERROR] [CommandSystem] Invalid command from path: C:\Users\unkno\Documents\GitHub\Famishs-remake\game-server\compiled\command\commands\building\clean-building.js
[9:14:57 PM] [WARN] [TICKER] TPS: 7.692307692307692 | DELTA: 0.13
[9:14:57 PM] [WARN] [TICKER] TPS: 12.5 | DELTA: 0.08
[9:14:57 PM] [WARN] [TICKER] TPS: 11.363636363636365 | DELTA: 0.088
[9:14:58 PM] [WARN] [TICKER] TPS: 13.88888888888889 | DELTA: 0.072
[9:14:58 PM] [WARN] [TICKER] TPS: 14.925373134328357 | DELTA: 0.067
[9:14:58 PM] [WARN] [TICKER] TPS: 15.384615384615383 | DELTA: 0.065
[9:14:58 PM] [WARN] [TICKER] TPS: 11.76470588235294 | DELTA: 0.085
[9:14:58 PM] [WARN] [TICKER] TPS: 14.084507042253522 | DELTA: 0.071
[9:15:06 PM] [WARN] [TICKER] TPS: 15.15151515151515 | DELTA: 0.066
[9:15:06 PM] [WARN] [TICKER] TPS: 12.658227848101266 | DELTA: 0.079
[9:15:07 PM] [WARN] [TICKER] TPS: 12.195121951219512 | DELTA: 0.082
[9:15:07 PM] [WARN] [TICKER] TPS: 11.49425287356322 | DELTA: 0.087
[9:15:07 PM] [WARN] [TICKER] TPS: 18.181818181818183 | DELTA: 0.055
[9:15:09 PM] [WARN] [TICKER] TPS: 19.23076923076923 | DELTA: 0.052
[9:15:09 PM] [WARN] [TICKER] TPS: 15.625 | DELTA: 0.064
[9:15:09 PM] [WARN] [TICKER] TPS: 12.345679012345679 | DELTA: 0.081
[9:15:26 PM] [WARN] [TICKER] TPS: 19.23076923076923 | DELTA: 0.052
[9:15:26 PM] [WARN] [TICKER] TPS: 14.925373134328357 | DELTA: 0.067
[9:15:27 PM] [WARN] [TICKER] TPS: 16.129032258064516 | DELTA: 0.062
[9:15:27 PM] [WARN] [TICKER] TPS: 19.607843137254903 | DELTA: 0.051
[9:15:27 PM] [WARN] [TICKER] TPS: 13.698630136986303 | DELTA: 0.073
[9:15:27 PM] [WARN] [TICKER] TPS: 13.88888888888889 | DELTA: 0.072
