[9:17:20 PM] [LOG] [Network] WebSocket server is listening on port 443
[9:17:20 PM] [LOG] [Content] Loading base content-pack
[9:17:20 PM] [LOG] [Content] Loaded 10 entities
[9:17:20 PM] [ERROR] [CommandSystem] Invalid command from path: C:\Users\unkno\Documents\GitHub\Famishs-remake\game-server\compiled\command\commands\building\clean-building.js
[9:18:11 PM] [WARN] [TICKER] TPS: 17.857142857142858 | DELTA: 0.056
[9:18:34 PM] [WARN] [TICKER] TPS: 18.181818181818183 | DELTA: 0.055
[9:18:40 PM] [WARN] [TICKER] TPS: 19.607843137254903 | DELTA: 0.051
[9:18:42 PM] [WARN] [TICKER] TPS: 14.925373134328357 | DELTA: 0.067
[9:18:46 PM] [WARN] [TICKER] TPS: 19.23076923076923 | DELTA: 0.052
[9:18:48 PM] [WARN] [TICKER] TPS: 15.625 | DELTA: 0.064
[9:18:53 PM] [WARN] [TICKER] TPS: 19.607843137254903 | DELTA: 0.051
[9:18:54 PM] [WARN] [TICKER] TPS: 11.904761904761903 | DELTA: 0.084
[9:18:57 PM] [WARN] [TICKER] TPS: 17.857142857142858 | DELTA: 0.056
[9:19:01 PM] [WARN] [TICKER] TPS: 9.433962264150944 | DELTA: 0.106
[9:19:01 PM] [WARN] [TICKER] TPS: 18.867924528301888 | DELTA: 0.053
[9:19:06 PM] [WARN] [TICKER] TPS: 18.867924528301888 | DELTA: 0.053
[9:19:06 PM] [WARN] [TICKER] TPS: 9.708737864077671 | DELTA: 0.103
[9:19:06 PM] [WARN] [TICKER] TPS: 19.607843137254903 | DELTA: 0.051
[9:19:07 PM] [WARN] [TICKER] TPS: 15.625 | DELTA: 0.064
[9:19:11 PM] [WARN] [TICKER] TPS: 16.666666666666668 | DELTA: 0.06
[9:19:11 PM] [WARN] [TICKER] TPS: 14.285714285714285 | DELTA: 0.07
[9:19:19 PM] [WARN] [TICKER] TPS: 18.51851851851852 | DELTA: 0.054
[9:19:19 PM] [WARN] [TICKER] TPS: 12.658227848101266 | DELTA: 0.079
[9:19:20 PM] [WARN] [TICKER] TPS: 11.76470588235294 | DELTA: 0.085
[9:19:20 PM] [WARN] [TICKER] TPS: 17.241379310344826 | DELTA: 0.058
[9:19:20 PM] [WARN] [TICKER] TPS: 18.51851851851852 | DELTA: 0.054
[9:19:22 PM] [WARN] [TICKER] TPS: 10.526315789473685 | DELTA: 0.095
[9:19:23 PM] [WARN] [TICKER] TPS: 17.857142857142858 | DELTA: 0.056
[9:19:23 PM] [WARN] [TICKER] TPS: 14.492753623188404 | DELTA: 0.069
[9:19:23 PM] [WARN] [TICKER] TPS: 14.285714285714285 | DELTA: 0.07
[9:19:25 PM] [WARN] [TICKER] TPS: 14.925373134328357 | DELTA: 0.067
[9:19:25 PM] [WARN] [TICKER] TPS: 18.51851851851852 | DELTA: 0.054
[9:19:26 PM] [WARN] [TICKER] TPS: 16.39344262295082 | DELTA: 0.061
[9:19:28 PM] [WARN] [TICKER] TPS: 16.129032258064516 | DELTA: 0.062
[9:19:29 PM] [WARN] [TICKER] TPS: 18.181818181818183 | DELTA: 0.055
[9:19:29 PM] [WARN] [TICKER] TPS: 14.705882352941176 | DELTA: 0.068
[9:19:31 PM] [WARN] [TICKER] TPS: 19.23076923076923 | DELTA: 0.052
[9:19:44 PM] [WARN] [TICKER] TPS: 15.15151515151515 | DELTA: 0.066
[9:19:44 PM] [WARN] [TICKER] TPS: 15.625 | DELTA: 0.064
[9:19:45 PM] [WARN] [TICKER] TPS: 13.513513513513514 | DELTA: 0.074
[9:19:45 PM] [WARN] [TICKER] TPS: 18.867924528301888 | DELTA: 0.053
[9:19:45 PM] [WARN] [TICKER] TPS: 10 | DELTA: 0.1
[9:19:45 PM] [WARN] [TICKER] TPS: 19.607843137254903 | DELTA: 0.051
[9:19:50 PM] [WARN] [TICKER] TPS: 14.925373134328357 | DELTA: 0.067
[9:19:50 PM] [WARN] [TICKER] TPS: 19.607843137254903 | DELTA: 0.051
[9:19:51 PM] [WARN] [TICKER] TPS: 19.23076923076923 | DELTA: 0.052
[9:19:52 PM] [WARN] [TICKER] TPS: 16.39344262295082 | DELTA: 0.061
[9:19:53 PM] [WARN] [TICKER] TPS: 17.857142857142858 | DELTA: 0.056
