[7:08:07 PM] [LOG] [Network] WebSocket server is listening on port 443
[7:08:07 PM] [LOG] [Content] Loading base content-pack
[7:08:07 PM] [LOG] [Content] Loaded 10 entities
[7:08:07 PM] [ERROR] [CommandSystem] Invalid command from path: E:\Scripts\nostarve\nostarve-server-master\compiled\command\commands\building\clean-building.js
[7:08:07 PM] [WARN] [TICKER] TPS: 16.949152542372882 | DELTA: 0.059
[7:08:12 PM] [LOG] [SaveSystem] Loaded 1 players & 0 buildings & 1 crates
[7:08:17 PM] [LOG] [Network] Connected with 0.0.0.1 ip
[7:08:30 PM] [WARN] [TICKER] TPS: 17.241379310344826 | DELTA: 0.058
[7:09:39 PM] [WARN] [TICKER] TPS: 12.658227848101266 | DELTA: 0.079
[7:09:39 PM] [WARN] [TICKER] TPS: 19.607843137254903 | DELTA: 0.051
[7:09:39 PM] [WARN] [TICKER] TPS: 9.523809523809524 | DELTA: 0.105
[7:09:41 PM] [WARN] [TICKER] TPS: 7.8125 | DELTA: 0.128
[7:09:43 PM] [WARN] [TICKER] TPS: 14.705882352941176 | DELTA: 0.068
[7:09:43 PM] [WARN] [TICKER] TPS: 19.23076923076923 | DELTA: 0.052
[7:09:43 PM] [WARN] [TICKER] TPS: 18.867924528301888 | DELTA: 0.053
[7:10:24 PM] [WARN] [TICKER] TPS: 19.23076923076923 | DELTA: 0.052
[7:10:31 PM] [WARN] [TICKER] TPS: 16.129032258064516 | DELTA: 0.062
[7:10:35 PM] [WARN] [TICKER] TPS: 19.607843137254903 | DELTA: 0.051
[7:11:03 PM] [WARN] [TICKER] TPS: 9.523809523809524 | DELTA: 0.105
[7:11:03 PM] [WARN] [TICKER] TPS: 16.949152542372882 | DELTA: 0.059
[7:11:06 PM] [WARN] [TICKER] TPS: 18.51851851851852 | DELTA: 0.054
[7:11:06 PM] [WARN] [TICKER] TPS: 18.181818181818183 | DELTA: 0.055
[7:11:06 PM] [WARN] [TICKER] TPS: 18.181818181818183 | DELTA: 0.055
[7:11:17 PM] [WARN] [TICKER] TPS: 11.627906976744187 | DELTA: 0.086
[7:11:18 PM] [WARN] [TICKER] TPS: 19.23076923076923 | DELTA: 0.052
[7:11:31 PM] [WARN] [TICKER] TPS: 14.285714285714285 | DELTA: 0.07
[7:11:46 PM] [WARN] [TICKER] TPS: 8.19672131147541 | DELTA: 0.122
[7:11:46 PM] [WARN] [TICKER] TPS: 12.820512820512821 | DELTA: 0.078
[7:12:00 PM] [WARN] [TICKER] TPS: 15.625 | DELTA: 0.064
[7:13:14 PM] [WARN] [TICKER] TPS: 17.857142857142858 | DELTA: 0.056
[7:13:36 PM] [WARN] [TICKER] TPS: 17.241379310344826 | DELTA: 0.058
[7:14:16 PM] [WARN] [TICKER] TPS: 13.513513513513514 | DELTA: 0.074
[7:14:16 PM] [WARN] [TICKER] TPS: 15.873015873015873 | DELTA: 0.063
[7:14:23 PM] [WARN] [TICKER] TPS: 17.241379310344826 | DELTA: 0.058
[7:14:23 PM] [WARN] [TICKER] TPS: 13.88888888888889 | DELTA: 0.072
[7:14:31 PM] [WARN] [TICKER] TPS: 7.692307692307692 | DELTA: 0.13
[7:14:31 PM] [WARN] [TICKER] TPS: 5.46448087431694 | DELTA: 0.183
[7:14:31 PM] [WARN] [TICKER] TPS: 10.869565217391305 | DELTA: 0.092
[7:14:31 PM] [WARN] [TICKER] TPS: 17.241379310344826 | DELTA: 0.058
[7:14:32 PM] [WARN] [TICKER] TPS: 19.23076923076923 | DELTA: 0.052
[7:14:32 PM] [WARN] [TICKER] TPS: 8.928571428571429 | DELTA: 0.112
[7:14:32 PM] [WARN] [TICKER] TPS: 10.75268817204301 | DELTA: 0.093
[7:14:32 PM] [WARN] [TICKER] TPS: 8.064516129032258 | DELTA: 0.124
[7:14:32 PM] [WARN] [TICKER] TPS: 10.869565217391305 | DELTA: 0.092
[7:14:32 PM] [WARN] [TICKER] TPS: 13.157894736842106 | DELTA: 0.076
[7:14:33 PM] [WARN] [TICKER] TPS: 10 | DELTA: 0.1
[7:14:33 PM] [WARN] [TICKER] TPS: 12.987012987012987 | DELTA: 0.077
[7:14:33 PM] [WARN] [TICKER] TPS: 17.857142857142858 | DELTA: 0.056
[7:14:33 PM] [WARN] [TICKER] TPS: 18.51851851851852 | DELTA: 0.054
[7:14:33 PM] [WARN] [TICKER] TPS: 14.084507042253522 | DELTA: 0.071
[7:14:33 PM] [WARN] [TICKER] TPS: 16.129032258064516 | DELTA: 0.062
[7:14:34 PM] [WARN] [TICKER] TPS: 18.181818181818183 | DELTA: 0.055
[7:14:34 PM] [WARN] [TICKER] TPS: 7.518796992481203 | DELTA: 0.133
[7:14:35 PM] [WARN] [TICKER] TPS: 10.309278350515463 | DELTA: 0.097
[7:14:35 PM] [WARN] [TICKER] TPS: 5.0761421319796955 | DELTA: 0.197
[7:14:35 PM] [WARN] [TICKER] TPS: 5.434782608695652 | DELTA: 0.184
[7:14:35 PM] [WARN] [TICKER] TPS: 9.00900900900901 | DELTA: 0.111
[7:14:35 PM] [WARN] [TICKER] TPS: 6.944444444444445 | DELTA: 0.144
[7:14:36 PM] [WARN] [TICKER] TPS: 14.925373134328357 | DELTA: 0.067
[7:14:36 PM] [WARN] [TICKER] TPS: 19.607843137254903 | DELTA: 0.051
[7:15:53 PM] [WARN] [TICKER] TPS: 15.625 | DELTA: 0.064
[7:16:10 PM] [LOG] [Network] Disconnected with 0.0.0.1 ip 1001 [object ArrayBuffer]
[7:16:12 PM] [WARN] [TICKER] TPS: 18.867924528301888 | DELTA: 0.053
