[9:11:16 PM] [LOG] [Network] WebSocket server is listening on port 443
[9:11:16 PM] [LOG] [Content] Loading content.js content-pack
[9:11:16 PM] [ERROR] [Content] Doesn't exist path: C:\Users\unkno\Documents\GitHub\Famishs-remake\game-server\compiled\content\content.js\entities
[9:11:16 PM] [LOG] [Content] Loading content.loader.js content-pack
[9:11:16 PM] [ERROR] [Content] Doesn't exist path: C:\Users\unkno\Documents\GitHub\Famishs-remake\game-server\compiled\content\content.loader.js\entities
[9:11:16 PM] [LOG] [Content] Loading content.manager.js content-pack
[9:11:16 PM] [ERROR] [Content] Doesn't exist path: C:\Users\unkno\Documents\GitHub\Famishs-remake\game-server\compiled\content\content.manager.js\entities
[9:11:16 PM] [ERROR] [CommandSystem] Invalid command from path: C:\Users\unkno\Documents\GitHub\Famishs-remake\game-server\compiled\command\commands\building\clean-building.js
[9:11:17 PM] [WARN] [TICKER] TPS: 5.847953216374268 | DELTA: 0.171
[9:11:20 PM] [WARN] [TICKER] TPS: 18.867924528301888 | DELTA: 0.053
[9:11:20 PM] [WARN] [TICKER] TPS: 16.129032258064516 | DELTA: 0.062
[9:11:24 PM] [WARN] [TICKER] TPS: 16.39344262295082 | DELTA: 0.061
[9:11:24 PM] [WARN] [TICKER] TPS: 17.241379310344826 | DELTA: 0.058
[9:11:26 PM] [WARN] [TICKER] TPS: 12.658227848101266 | DELTA: 0.079
[9:11:26 PM] [WARN] [TICKER] TPS: 15.625 | DELTA: 0.064
[9:11:29 PM] [WARN] [TICKER] TPS: 11.363636363636365 | DELTA: 0.088
[9:11:30 PM] [WARN] [TICKER] TPS: 17.543859649122805 | DELTA: 0.057
[9:11:31 PM] [WARN] [TICKER] TPS: 18.51851851851852 | DELTA: 0.054
[9:11:31 PM] [WARN] [TICKER] TPS: 6.25 | DELTA: 0.16
[9:11:32 PM] [WARN] [TICKER] TPS: 16.39344262295082 | DELTA: 0.061
[9:11:32 PM] [WARN] [TICKER] TPS: 12.195121951219512 | DELTA: 0.082
[9:11:32 PM] [WARN] [TICKER] TPS: 18.867924528301888 | DELTA: 0.053
[9:11:32 PM] [WARN] [TICKER] TPS: 14.084507042253522 | DELTA: 0.071
[9:11:33 PM] [WARN] [TICKER] TPS: 15.625 | DELTA: 0.064
[9:11:33 PM] [WARN] [TICKER] TPS: 16.129032258064516 | DELTA: 0.062
[9:11:33 PM] [WARN] [TICKER] TPS: 7.936507936507937 | DELTA: 0.126
[9:11:34 PM] [WARN] [TICKER] TPS: 1.9083969465648853 | DELTA: 0.524
[9:11:34 PM] [WARN] [TICKER] TPS: 6.4935064935064934 | DELTA: 0.154
[9:11:34 PM] [WARN] [TICKER] TPS: 9.900990099009901 | DELTA: 0.101
[9:11:34 PM] [WARN] [TICKER] TPS: 14.705882352941176 | DELTA: 0.068
[9:11:34 PM] [WARN] [TICKER] TPS: 2.994011976047904 | DELTA: 0.334
[9:11:35 PM] [WARN] [TICKER] TPS: 7.936507936507937 | DELTA: 0.126
[9:11:35 PM] [WARN] [TICKER] TPS: 16.666666666666668 | DELTA: 0.06
[9:11:35 PM] [WARN] [TICKER] TPS: 10 | DELTA: 0.1
[9:11:38 PM] [LOG] [Network] Connected with 0.0.0.1 ip
[9:11:41 PM] [WARN] [TICKER] TPS: 15.15151515151515 | DELTA: 0.066
[9:11:45 PM] [WARN] [TICKER] TPS: 10.416666666666666 | DELTA: 0.096
[9:11:46 PM] [WARN] [TICKER] TPS: 14.492753623188404 | DELTA: 0.069
[9:11:52 PM] [WARN] [TICKER] TPS: 6.5359477124183005 | DELTA: 0.153
[9:11:52 PM] [WARN] [TICKER] TPS: 15.625 | DELTA: 0.064
[9:12:00 PM] [WARN] [TICKER] TPS: 14.492753623188404 | DELTA: 0.069
[9:12:00 PM] [WARN] [TICKER] TPS: 18.181818181818183 | DELTA: 0.055
[9:12:00 PM] [WARN] [TICKER] TPS: 18.51851851851852 | DELTA: 0.054
[9:12:01 PM] [WARN] [TICKER] TPS: 18.867924528301888 | DELTA: 0.053
[9:12:01 PM] [WARN] [TICKER] TPS: 13.157894736842106 | DELTA: 0.076
[9:12:01 PM] [WARN] [TICKER] TPS: 11.11111111111111 | DELTA: 0.09
