[9:24:39 PM] [LOG] [Network] WebSocket server is listening on port 443
[9:24:39 PM] [LOG] [Content] Loading base content-pack
[9:24:39 PM] [LOG] [Content] Loaded 10 entities
[9:24:39 PM] [ERROR] [CommandSystem] Invalid command from path: C:\Users\unkno\Documents\GitHub\Famishs-remake\game-server\compiled\command\commands\building\clean-building.js
[9:24:42 PM] [WARN] [TICKER] TPS: 19.607843137254903 | DELTA: 0.051
[9:24:43 PM] [WARN] [TICKER] TPS: 19.607843137254903 | DELTA: 0.051
[9:24:47 PM] [WARN] [TICKER] TPS: 16.129032258064516 | DELTA: 0.062
[9:24:47 PM] [WARN] [TICKER] TPS: 18.181818181818183 | DELTA: 0.055
[9:24:48 PM] [WARN] [TICKER] TPS: 11.11111111111111 | DELTA: 0.09
[9:24:48 PM] [WARN] [TICKER] TPS: 16.39344262295082 | DELTA: 0.061
[9:24:48 PM] [WARN] [TICKER] TPS: 14.705882352941176 | DELTA: 0.068
[9:24:48 PM] [WARN] [TICKER] TPS: 13.513513513513514 | DELTA: 0.074
[9:24:49 PM] [WARN] [TICKER] TPS: 19.23076923076923 | DELTA: 0.052
[9:24:50 PM] [WARN] [TICKER] TPS: 14.925373134328357 | DELTA: 0.067
[9:24:50 PM] [WARN] [TICKER] TPS: 15.873015873015873 | DELTA: 0.063
[9:24:50 PM] [WARN] [TICKER] TPS: 9.433962264150944 | DELTA: 0.106
[9:24:51 PM] [WARN] [TICKER] TPS: 15.625 | DELTA: 0.064
[9:24:51 PM] [WARN] [TICKER] TPS: 11.363636363636365 | DELTA: 0.088
[9:24:57 PM] [WARN] [TICKER] TPS: 9.803921568627452 | DELTA: 0.102
[9:24:58 PM] [WARN] [TICKER] TPS: 14.492753623188404 | DELTA: 0.069
[9:24:58 PM] [WARN] [TICKER] TPS: 17.543859649122805 | DELTA: 0.057
[9:24:58 PM] [WARN] [TICKER] TPS: 19.23076923076923 | DELTA: 0.052
[9:24:59 PM] [WARN] [TICKER] TPS: 14.084507042253522 | DELTA: 0.071
[9:24:59 PM] [WARN] [TICKER] TPS: 8.620689655172413 | DELTA: 0.116
[9:25:03 PM] [LOG] [Network] Connected with 0.0.0.1 ip
[9:25:27 PM] [WARN] [TICKER] TPS: 17.241379310344826 | DELTA: 0.058
[9:25:29 PM] [WARN] [TICKER] TPS: 16.949152542372882 | DELTA: 0.059
[9:25:33 PM] [WARN] [TICKER] TPS: 15.873015873015873 | DELTA: 0.063
[9:25:34 PM] [WARN] [TICKER] TPS: 9.345794392523365 | DELTA: 0.107
[9:25:34 PM] [WARN] [TICKER] TPS: 7.633587786259541 | DELTA: 0.131
[9:25:34 PM] [WARN] [TICKER] TPS: 6.211180124223603 | DELTA: 0.161
[9:25:34 PM] [WARN] [TICKER] TPS: 17.543859649122805 | DELTA: 0.057
[9:26:33 PM] [WARN] [TICKER] TPS: 17.543859649122805 | DELTA: 0.057
[9:26:36 PM] [WARN] [TICKER] TPS: 17.543859649122805 | DELTA: 0.057
[9:26:36 PM] [WARN] [TICKER] TPS: 11.76470588235294 | DELTA: 0.085
[9:26:36 PM] [WARN] [TICKER] TPS: 18.51851851851852 | DELTA: 0.054
[9:26:42 PM] [WARN] [TICKER] TPS: 16.39344262295082 | DELTA: 0.061
[9:26:46 PM] [WARN] [TICKER] TPS: 14.084507042253522 | DELTA: 0.071
[9:26:48 PM] [WARN] [TICKER] TPS: 16.129032258064516 | DELTA: 0.062
[9:26:53 PM] [WARN] [TICKER] TPS: 9.25925925925926 | DELTA: 0.108
[9:27:18 PM] [WARN] [TICKER] TPS: 10.1010101010101 | DELTA: 0.099
[9:27:26 PM] [WARN] [TICKER] TPS: 15.384615384615383 | DELTA: 0.065
[9:27:44 PM] [WARN] [TICKER] TPS: 16.949152542372882 | DELTA: 0.059
[9:27:44 PM] [WARN] [TICKER] TPS: 14.925373134328357 | DELTA: 0.067
[9:27:44 PM] [WARN] [TICKER] TPS: 10.989010989010989 | DELTA: 0.091
[9:27:44 PM] [WARN] [TICKER] TPS: 11.11111111111111 | DELTA: 0.09
[9:27:44 PM] [WARN] [TICKER] TPS: 13.513513513513514 | DELTA: 0.074
[9:27:44 PM] [WARN] [TICKER] TPS: 10.989010989010989 | DELTA: 0.091
