[7:16:22 PM] [LOG] [Network] WebSocket server is listening on port 443
[7:16:22 PM] [LOG] [Content] Loading base content-pack
[7:16:22 PM] [LOG] [Content] Loaded 10 entities
[7:16:22 PM] [ERROR] [CommandSystem] Invalid command from path: E:\Scripts\nostarve\nostarve-server-master\compiled\command\commands\building\clean-building.js
[7:16:22 PM] [WARN] [TICKER] TPS: 16.129032258064516 | DELTA: 0.062
[7:16:25 PM] [WARN] [TICKER] TPS: 13.157894736842106 | DELTA: 0.076
[7:16:27 PM] [LOG] [SaveSystem] Loaded 2 players & 0 buildings & 0 crates
[7:16:36 PM] [LOG] [Network] Connected with 0.0.0.1 ip
[7:16:42 PM] [LOG] [Network] Disconnected with 0.0.0.1 ip 1001 [object ArrayBuffer]
[7:16:44 PM] [WARN] [TICKER] TPS: 18.181818181818183 | DELTA: 0.055
[7:16:44 PM] [WARN] [TICKER] TPS: 11.363636363636365 | DELTA: 0.088
[7:16:44 PM] [WARN] [TICKER] TPS: 15.15151515151515 | DELTA: 0.066
[7:16:47 PM] [LOG] [Network] Connected with 0.0.0.1 ip
[7:16:54 PM] [WARN] [TICKER] TPS: 12.820512820512821 | DELTA: 0.078
[7:17:02 PM] [WARN] [TICKER] TPS: 16.39344262295082 | DELTA: 0.061
[7:17:04 PM] [WARN] [TICKER] TPS: 14.285714285714285 | DELTA: 0.07
[7:17:10 PM] [WARN] [TICKER] TPS: 11.76470588235294 | DELTA: 0.085
[7:17:11 PM] [WARN] [TICKER] TPS: 13.88888888888889 | DELTA: 0.072
[7:17:20 PM] [WARN] [TICKER] TPS: 15.384615384615383 | DELTA: 0.065
[7:17:28 PM] [WARN] [TICKER] TPS: 18.867924528301888 | DELTA: 0.053
[7:17:38 PM] [WARN] [TICKER] TPS: 7.751937984496124 | DELTA: 0.129
[7:17:39 PM] [WARN] [TICKER] TPS: 18.181818181818183 | DELTA: 0.055
[7:18:20 PM] [WARN] [TICKER] TPS: 14.492753623188404 | DELTA: 0.069
[7:18:20 PM] [WARN] [TICKER] TPS: 18.51851851851852 | DELTA: 0.054
[7:18:31 PM] [WARN] [TICKER] TPS: 18.867924528301888 | DELTA: 0.053
[7:18:49 PM] [WARN] [TICKER] TPS: 17.857142857142858 | DELTA: 0.056
[7:18:59 PM] [WARN] [TICKER] TPS: 13.698630136986303 | DELTA: 0.073
[7:19:02 PM] [WARN] [TICKER] TPS: 13.513513513513514 | DELTA: 0.074
[7:19:03 PM] [WARN] [TICKER] TPS: 5 | DELTA: 0.2
[7:19:04 PM] [WARN] [TICKER] TPS: 14.285714285714285 | DELTA: 0.07
[7:19:12 PM] [LOG] [Network] Disconnected with 0.0.0.1 ip 1001 [object ArrayBuffer]
[7:19:13 PM] [WARN] [TICKER] TPS: 10.75268817204301 | DELTA: 0.093
[7:19:13 PM] [WARN] [TICKER] TPS: 14.492753623188404 | DELTA: 0.069
[7:19:13 PM] [WARN] [TICKER] TPS: 19.607843137254903 | DELTA: 0.051
