[6:45:55 PM] [LOG] [Network] WebSocket server is listening on port 443
[6:45:55 PM] [LOG] [Content] Loading base content-pack
[6:45:55 PM] [LOG] [Content] Loaded 10 entities
[6:45:55 PM] [ERROR] [CommandSystem] Invalid command from path: E:\Scripts\nostarve\nostarve-server-master\compiled\command\commands\building\clean-building.js
[6:45:55 PM] [WARN] [TICKER] TPS: 8.064516129032258 | DELTA: 0.124
[6:45:57 PM] [WARN] [TICKER] TPS: 19.607843137254903 | DELTA: 0.051
[6:46:00 PM] [LOG] [SaveSystem] Loaded 3 players & 0 buildings & 4 crates
[6:46:02 PM] [WARN] [TICKER] TPS: 18.181818181818183 | DELTA: 0.055
[6:46:02 PM] [WARN] [TICKER] TPS: 9.25925925925926 | DELTA: 0.108
[6:46:02 PM] [WARN] [TICKER] TPS: 12.987012987012987 | DELTA: 0.077
[6:46:02 PM] [WARN] [TICKER] TPS: 16.129032258064516 | DELTA: 0.062
[6:46:03 PM] [WARN] [TICKER] TPS: 12.048192771084336 | DELTA: 0.083
[6:46:05 PM] [WARN] [TICKER] TPS: 15.625 | DELTA: 0.064
[6:46:41 PM] [LOG] [Network] Connected with 0.0.0.1 ip
[6:46:59 PM] [LOG] Player restarver#5|5 died by restarver#1|1 with reason 3
[6:47:26 PM] [LOG] Player restarver#6|6 died by restarver#1|1 with reason 3
[6:47:41 PM] [WARN] [TICKER] TPS: 17.241379310344826 | DELTA: 0.058
[6:47:49 PM] [WARN] [TICKER] TPS: 17.543859649122805 | DELTA: 0.057
[6:47:49 PM] [WARN] [TICKER] TPS: 18.181818181818183 | DELTA: 0.055
[6:48:00 PM] [WARN] [TICKER] TPS: 19.23076923076923 | DELTA: 0.052
[6:48:27 PM] [WARN] [TICKER] TPS: 17.857142857142858 | DELTA: 0.056
[6:48:31 PM] [WARN] [TICKER] TPS: 19.607843137254903 | DELTA: 0.051
[6:48:39 PM] [WARN] [TICKER] TPS: 17.857142857142858 | DELTA: 0.056
[6:49:15 PM] [WARN] [TICKER] TPS: 19.607843137254903 | DELTA: 0.051
[6:49:15 PM] [WARN] [TICKER] TPS: 7.936507936507937 | DELTA: 0.126
[6:49:15 PM] [WARN] [TICKER] TPS: 11.627906976744187 | DELTA: 0.086
[6:49:15 PM] [WARN] [TICKER] TPS: 16.666666666666668 | DELTA: 0.06
