[6:50:32 PM] [LOG] [Network] WebSocket server is listening on port 443
[6:50:32 PM] [LOG] [Content] Loading base content-pack
[6:50:32 PM] [LOG] [Content] Loaded 10 entities
[6:50:32 PM] [ERROR] [CommandSystem] Invalid command from path: E:\Scripts\nostarve\nostarve-server-master\compiled\command\commands\building\clean-building.js
[6:50:32 PM] [WARN] [TICKER] TPS: 16.129032258064516 | DELTA: 0.062
[6:50:37 PM] [LOG] [SaveSystem] Loaded 3 players & 0 buildings & 0 crates
[6:50:37 PM] [WARN] [TICKER] TPS: 10.416666666666666 | DELTA: 0.096
[6:50:38 PM] [WARN] [TICKER] TPS: 17.241379310344826 | DELTA: 0.058
[6:50:38 PM] [WARN] [TICKER] TPS: 19.23076923076923 | DELTA: 0.052
[6:50:43 PM] [LOG] [Network] Connected with 0.0.0.1 ip
[6:50:47 PM] [WARN] [TICKER] TPS: 17.543859649122805 | DELTA: 0.057
[6:50:56 PM] [WARN] [TICKER] TPS: 19.607843137254903 | DELTA: 0.051
[6:50:58 PM] [WARN] [TICKER] TPS: 17.241379310344826 | DELTA: 0.058
[6:50:58 PM] [WARN] [TICKER] TPS: 12.987012987012987 | DELTA: 0.077
[6:50:58 PM] [WARN] [TICKER] TPS: 16.129032258064516 | DELTA: 0.062
[6:50:58 PM] [WARN] [TICKER] TPS: 19.607843137254903 | DELTA: 0.051
[6:51:12 PM] [WARN] [TICKER] TPS: 16.39344262295082 | DELTA: 0.061
[6:51:12 PM] [WARN] [TICKER] TPS: 12.987012987012987 | DELTA: 0.077
[6:51:12 PM] [WARN] [TICKER] TPS: 5.347593582887701 | DELTA: 0.187
[6:51:12 PM] [WARN] [TICKER] TPS: 12.5 | DELTA: 0.08
[6:51:12 PM] [WARN] [TICKER] TPS: 18.867924528301888 | DELTA: 0.053
[6:51:12 PM] [WARN] [TICKER] TPS: 10.416666666666666 | DELTA: 0.096
[6:51:17 PM] [LOG] [Network] Disconnected with 0.0.0.1 ip 1001 [object ArrayBuffer]
[6:51:19 PM] [WARN] [TICKER] TPS: 13.88888888888889 | DELTA: 0.072
[6:51:20 PM] [WARN] [TICKER] TPS: 16.666666666666668 | DELTA: 0.06
[6:51:21 PM] [WARN] [TICKER] TPS: 6.622516556291391 | DELTA: 0.151
[6:51:23 PM] [LOG] [Network] Connected with 0.0.0.1 ip
[6:51:26 PM] [WARN] [TICKER] TPS: 14.925373134328357 | DELTA: 0.067
[6:51:26 PM] [WARN] [TICKER] TPS: 16.949152542372882 | DELTA: 0.059
[6:51:26 PM] [WARN] [TICKER] TPS: 17.543859649122805 | DELTA: 0.057
[6:51:28 PM] [WARN] [TICKER] TPS: 17.857142857142858 | DELTA: 0.056
[6:51:32 PM] [WARN] [TICKER] TPS: 16.39344262295082 | DELTA: 0.061
[6:51:33 PM] [WARN] [TICKER] TPS: 17.543859649122805 | DELTA: 0.057
[6:51:33 PM] [WARN] [TICKER] TPS: 17.543859649122805 | DELTA: 0.057
[6:51:33 PM] [WARN] [TICKER] TPS: 15.873015873015873 | DELTA: 0.063
[6:51:33 PM] [WARN] [TICKER] TPS: 18.867924528301888 | DELTA: 0.053
